Arguments: 
  C:\Program Files\nodejs\node.exe C:\Program Files (x86)\Yarn\bin\yarn.js install

PATH: 
  C:\Program Files\Python36\Scripts\;C:\Program Files\Python36\;C:\Program Files (x86)\Common Files\Oracle\Java\javapath;C:\ProgramData\Oracle\Java\javapath;C:\Program Files (x86)\Common Files\Intel\Shared Libraries\redist\intel64_win\compiler;C:\Program Files (x86)\Common Files\Intel\Shared Libraries\redist\intel64\compiler;C:\python\Scripts\;C:\python\;C:\Windows\system32;C:\Windows\System32\Wbem;C:\Windows\System32\WindowsPowerShell\v1.0\;F:\Apps\Android\flutter_windows_v0.2.8-beta\flutter\bin;C:\Users\Mom\AppData\Local\Microsoft\WindowsApps;C:\adb;F:\Apps\Android\Java\bin;F:\Apps\Android\gradle-4.5.1\gradle\bin;C:\Program Files\MySQL\MySQL Server 8.0\bin;C:\Program Files\MySQL\MySQL Shell 8.0\bin;C:\python\Scripts;C:\python\Lib;C:\python\DLLs;C:\Program Files (x86)\NVIDIA Corporation\PhysX\Common;C:\Program Files\NVIDIA Corporation\NVIDIA NvDLISR;C:\Program Files\Git\cmd;C:\Program Files (x86)\Yarn\bin\;C:\Program Files\nodejs\;C:\python\Scripts\;C:\python\;C:\Users\Mom\AppData\Local\Microsoft\WindowsApps;F:\Apps\Android\Java\bin;F:\Apps\Android\gradle-4.5.1\gradle\bin;C:\Program Files\MySQL\MySQL Server 8.0\bin;C:\Program Files\MySQL\MySQL Shell 8.0\bin;C:\python\Scripts;C:\python\Lib;C:\python\DLLs;C:\Windows\SysWOW64;C:\Windows\System32;C:\Users\Mom\AppData\Local\Programs\Microsoft VS Code\bin;C:\Program Files\heroku\bin;C:\Program Files\PostgreSQL\12\bin;C:\Program Files\MongoDB\Server\4.2\bin;C:\Program Files\OpenSSL-Win64\bin;C:\Users\Mom\AppData\Local\Yarn\bin;C:\Users\Mom\AppData\Roaming\npm

Yarn version: 
  1.22.4

Node version: 
  12.18.3

Platform: 
  win32 x64

Trace: 
  SyntaxError: C:\Users\Mom\AppData\Local\Yarn\Cache\v6\npm-@babel-plugin-transform-sticky-regex-7.10.4-8f3889ee8657581130a29d9cc91d7c73b7c4a28d-integrity\node_modules\@babel\plugin-transform-sticky-regex\.yarn-metadata.json: Unexpected token F in JSON at position 0
      at JSON.parse (<anonymous>)
      at C:\Program Files (x86)\Yarn\lib\cli.js:1625:59
      at Generator.next (<anonymous>)
      at step (C:\Program Files (x86)\Yarn\lib\cli.js:310:30)
      at C:\Program Files (x86)\Yarn\lib\cli.js:321:13

npm manifest: 
  {
    "main": "node_modules/expo/AppEntry.js",
    "scripts": {
      "start": "expo start",
      "android": "expo start --android",
      "ios": "expo start --ios",
      "web": "expo start --web",
      "eject": "expo eject"
    },
    "dependencies": {
      "expo": "~38.0.8",
      "expo-status-bar": "^1.0.2",
      "react": "~16.11.0",
      "react-dom": "~16.11.0",
      "react-native": "https://github.com/expo/react-native/archive/sdk-38.0.2.tar.gz",
      "react-native-web": "~0.11.7"
    },
    "devDependencies": {
      "@babel/core": "^7.8.6",
      "babel-preset-expo": "~8.1.0"
    },
    "private": true
  }

yarn manifest: 
  No manifest

Lockfile: 
  No lockfile
